This is pdfTeXk, Version 3.141592-1.40.3 (Web2C 7.5.6) (format=latex 2009.12.9)  23 JUN 2010 00:14
entering extended mode
 %&-line parsing enabled.
**ants2010-final.tex
(./ants2010-final.tex
LaTeX2e <2005/12/01>
Babel <v3.8h> and hyphenation patterns for english, usenglishmax, dumylang, noh
yphenation, loaded.
(./llncs.cls
Document Class: llncs 2004/08/17 v2.14 
 LaTeX document class for Lecture Notes in Computer Science
(/usr/share/texmf-texlive/tex/latex/base/article.cls
Document Class: article 2005/09/16 v1.4f Standard LaTeX document class
(/usr/share/texmf-texlive/tex/latex/base/size10.clo
File: size10.clo 2005/09/16 v1.4f Standard LaTeX file (size option)
)
\c@part=\count79
\c@section=\count80
\c@subsection=\count81
\c@subsubsection=\count82
\c@paragraph=\count83
\c@subparagraph=\count84
\c@figure=\count85
\c@table=\count86
\abovecaptionskip=\skip41
\belowcaptionskip=\skip42
\bibindent=\dimen102
)
(/usr/share/texmf-texlive/tex/latex/tools/multicol.sty
Package: multicol 2006/05/18 v1.6g multicolumn formatting (FMi)
\c@tracingmulticols=\count87
\mult@box=\box26
\multicol@leftmargin=\dimen103
\c@unbalance=\count88
\c@collectmore=\count89
\doublecol@number=\count90
\multicoltolerance=\count91
\multicolpretolerance=\count92
\full@width=\dimen104
\page@free=\dimen105
\premulticols=\dimen106
\postmulticols=\dimen107
\multicolsep=\skip43
\multicolbaselineskip=\skip44
\partial@page=\box27
\last@line=\box28
\mult@rightbox=\box29
\mult@grightbox=\box30
\mult@gfirstbox=\box31
\mult@firstbox=\box32
\@tempa=\box33
\@tempa=\box34
\@tempa=\box35
\@tempa=\box36
\@tempa=\box37
\@tempa=\box38
\@tempa=\box39
\@tempa=\box40
\@tempa=\box41
\@tempa=\box42
\@tempa=\box43
\@tempa=\box44
\@tempa=\box45
\@tempa=\box46
\@tempa=\box47
\@tempa=\box48
\@tempa=\box49
\c@columnbadness=\count93
\c@finalcolumnbadness=\count94
\last@try=\dimen108
\multicolovershoot=\dimen109
\multicolundershoot=\dimen110
\mult@nat@firstbox=\box50
\colbreak@box=\box51
)
\c@chapter=\count95
LaTeX Font Info:    Redeclaring math symbol \Gamma on input line 360.
LaTeX Font Info:    Redeclaring math symbol \Delta on input line 361.
LaTeX Font Info:    Redeclaring math symbol \Theta on input line 362.
LaTeX Font Info:    Redeclaring math symbol \Lambda on input line 363.
LaTeX Font Info:    Redeclaring math symbol \Xi on input line 364.
LaTeX Font Info:    Redeclaring math symbol \Pi on input line 365.
LaTeX Font Info:    Redeclaring math symbol \Sigma on input line 366.
LaTeX Font Info:    Redeclaring math symbol \Upsilon on input line 367.
LaTeX Font Info:    Redeclaring math symbol \Phi on input line 368.
LaTeX Font Info:    Redeclaring math symbol \Psi on input line 369.
LaTeX Font Info:    Redeclaring math symbol \Omega on input line 370.
\tocchpnum=\dimen111
\tocsecnum=\dimen112
\tocsectotal=\dimen113
\tocsubsecnum=\dimen114
\tocsubsectotal=\dimen115
\tocsubsubsecnum=\dimen116
\tocsubsubsectotal=\dimen117
\tocparanum=\dimen118
\tocparatotal=\dimen119
\tocsubparanum=\dimen120
\@tempcntc=\count96
\fnindent=\dimen121
\c@@inst=\count97
\c@@auth=\count98
\c@auco=\count99
\instindent=\dimen122
\authrun=\box52
\authorrunning=\toks14
\tocauthor=\toks15
\titrun=\box53
\titlerunning=\toks16
\toctitle=\toks17
\c@theorem=\count100
\c@case=\count101
\c@conjecture=\count102
\c@corollary=\count103
\c@definition=\count104
\c@example=\count105
\c@exercise=\count106
\c@lemma=\count107
\c@note=\count108
\c@problem=\count109
\c@property=\count110
\c@proposition=\count111
\c@question=\count112
\c@solution=\count113
\c@remark=\count114
\headlineindent=\dimen123
)
(/usr/share/texmf-texlive/tex/latex/base/makeidx.sty
Package: makeidx 2000/03/29 v1.0m Standard LaTeX package
)
(/usr/share/texmf-texlive/tex/latex/graphics/graphicx.sty
Package: graphicx 1999/02/16 v1.0f Enhanced LaTeX Graphics (DPC,SPQR)

(/usr/share/texmf-texlive/tex/latex/graphics/keyval.sty
Package: keyval 1999/03/16 v1.13 key=value parser (DPC)
\KV@toks@=\toks18
)
(/usr/share/texmf-texlive/tex/latex/graphics/graphics.sty
Package: graphics 2006/02/20 v1.0o Standard LaTeX Graphics (DPC,SPQR)

(/usr/share/texmf-texlive/tex/latex/graphics/trig.sty
Package: trig 1999/03/16 v1.09 sin cos tan (DPC)
)
(/etc/texmf/tex/latex/config/graphics.cfg
File: graphics.cfg 2007/01/18 v1.5 graphics configuration of teTeX/TeXLive
)
Package graphics Info: Driver file: dvips.def on input line 90.

(/usr/share/texmf-texlive/tex/latex/graphics/dvips.def
File: dvips.def 1999/02/16 v3.0i Driver-dependant file (DPC,SPQR)
))
\Gin@req@height=\dimen124
\Gin@req@width=\dimen125
)
(/usr/share/texmf-texlive/tex/latex/subfigure/subfigure.sty
Package: subfigure 2002/03/15 v2.1.5 subfigure package
\subfigtopskip=\skip45
\subfigcapskip=\skip46
\subfigcaptopadj=\dimen126
\subfigbottomskip=\skip47
\subfigcapmargin=\dimen127
\subfiglabelskip=\skip48
\c@subfigure=\count115
\c@lofdepth=\count116
\c@subtable=\count117
\c@lotdepth=\count118

****************************************
* Local config file subfigure.cfg used *
****************************************
(/usr/share/texmf-texlive/tex/latex/subfigure/subfigure.cfg)
\subfig@top=\skip49
\subfig@bottom=\skip50
)
(/usr/share/texmf-texlive/tex/latex/setspace/setspace.sty
Package: setspace 2000/12/01 6.7 Contributed and Supported LaTeX2e package

Package: `setspace' 6.7 <2000/12/01>
) (./ants2010-final.aux)
\openout1 = `ants2010-final.aux'.

LaTeX Font Info:    Checking defaults for OML/cmm/m/it on input line 10.
LaTeX Font Info:    ... okay on input line 10.
LaTeX Font Info:    Checking defaults for T1/cmr/m/n on input line 10.
LaTeX Font Info:    ... okay on input line 10.
LaTeX Font Info:    Checking defaults for OT1/cmr/m/n on input line 10.
LaTeX Font Info:    ... okay on input line 10.
LaTeX Font Info:    Checking defaults for OMS/cmsy/m/n on input line 10.
LaTeX Font Info:    ... okay on input line 10.
LaTeX Font Info:    Checking defaults for OMX/cmex/m/n on input line 10.
LaTeX Font Info:    ... okay on input line 10.
LaTeX Font Info:    Checking defaults for U/cmr/m/n on input line 10.
LaTeX Font Info:    ... okay on input line 10.
LaTeX Font Info:    External font `cmex10' loaded for size
(Font)              <7> on input line 23.
LaTeX Font Info:    External font `cmex10' loaded for size
(Font)              <5> on input line 23.


LaTeX Warning: Citation `Bonabeau+1999' on page 1 undefined on input line 39.


LaTeX Warning: Citation `Gerkey+2004' on page 1 undefined on input line 42.


LaTeX Warning: Citation `Parker2008' on page 1 undefined on input line 44.


LaTeX Warning: Citation `Lerman+2006' on page 1 undefined on input line 46.


LaTeX Warning: Citation `Shen+2001' on page 1 undefined on input line 49.


LaTeX Warning: Citation `Parker2008' on page 1 undefined on input line 49.


LaTeX Warning: Citation `Dias+2006' on page 1 undefined on input line 49.


LaTeX Warning: Citation `Lerman+2006' on page 1 undefined on input line 52.


LaTeX Warning: Citation `Liu+2007' on page 1 undefined on input line 52.


LaTeX Warning: Citation `Gerkey+2004' on page 1 undefined on input line 54.


LaTeX Warning: Citation `Lerman+2006' on page 1 undefined on input line 54.


LaTeX Warning: Citation `Bonabeau+1999' on page 1 undefined on input line 57.


LaTeX Warning: Citation `Elsa' on page 1 undefined on input line 58.

[1

]

LaTeX Warning: Citation `Elsa' on page 2 undefined on input line 68.

[2]
File: ./images/AFM-Diag2.eps Graphic file (type eps)
 <./images/AFM-Diag2.eps>
File: ./images/CentralizedComm.eps Graphic file (type eps)
 <./images/CentralizedComm.eps>
Underfull \hbox (badness 3199) in paragraph at lines 91--91
[]\OT1/cmr/bx/n/10 Fig.2. \OT1/cmr/m/n/9 A cen-tral-ized com-mu-ni-ca-tion
 []


Overfull \hbox (4.78288pt too wide) in paragraph at lines 80--94
[][]   [] 
 []

[3]
LaTeX Font Info:    External font `cmex10' loaded for size
(Font)              <9> on input line 112.
LaTeX Font Info:    External font `cmex10' loaded for size
(Font)              <6> on input line 112.
File: ./images/VSP.eps Graphic file (type eps)
 <./images/VSP.eps> [4] [5] [6]
File: ./images/RIL-Expt-Setup1.eps Graphic file (type eps)
 <./images/RIL-Expt-Setup1.eps> [7]

LaTeX Warning: Citation `SwisTrack' on page 8 undefined on input line 221.


Overfull \hbox (19.28215pt too wide) in paragraph at lines 221--225
\OT1/cmr/m/n/10 Apart from Swis-Track, we have im-ple-mented two ma-jor soft-wa
re mod-ules: \OT1/cmr/m/it/10 TaskServer
 []

[8] [9]

LaTeX Font Warning: Command \small invalid in math mode on input line 278.

LaTeX Font Info:    Calculating math sizes for size <> on input line 281.

LaTeX Font Warning: Font shape `OT1/cmr/m/n' in size <> not available
(Font)              size <5> substituted on input line 281.


LaTeX Font Warning: Font shape `OT1/cmr/m/n' in size <0.7> not available
(Font)              size <5> substituted on input line 281.


LaTeX Font Warning: Font shape `OT1/cmr/m/n' in size <0.5> not available
(Font)              size <5> substituted on input line 281.


LaTeX Font Warning: Font shape `OML/cmm/m/it' in size <> not available
(Font)              size <5> substituted on input line 281.


LaTeX Font Warning: Font shape `OML/cmm/m/it' in size <0.7> not available
(Font)              size <5> substituted on input line 281.


LaTeX Font Warning: Font shape `OML/cmm/m/it' in size <0.5> not available
(Font)              size <5> substituted on input line 281.


LaTeX Font Warning: Font shape `OMS/cmsy/m/n' in size <> not available
(Font)              size <5> substituted on input line 281.


LaTeX Font Warning: Font shape `OMS/cmsy/m/n' in size <0.7> not available
(Font)              size <5> substituted on input line 281.


LaTeX Font Warning: Font shape `OMS/cmsy/m/n' in size <0.5> not available
(Font)              size <5> substituted on input line 281.

LaTeX Font Info:    External font `cmex10' loaded for size
(Font)              <> on input line 281.
LaTeX Font Info:    External font `cmex10' loaded for size
(Font)              <0.7> on input line 281.
LaTeX Font Info:    External font `cmex10' loaded for size
(Font)              <0.5> on input line 281.

LaTeX Font Warning: Command \small invalid in math mode on input line 286.

File: images/PlotUrgencyLog-2010May10-115549.eps Graphic file (type eps)
<images/PlotUrgencyLog-2010May10-115549.eps>
Underfull \hbox (badness 5832) in paragraph at lines 303--303
[]\OT1/cmr/bx/n/10 Fig.5. \OT1/cmr/m/n/9 Task ur-gen-cies ob-served at
 []

File: images/TaskUrgencyStat.eps Graphic file (type eps)
<images/TaskUrgencyStat.eps>
Overfull \hbox (4.78288pt too wide) in paragraph at lines 298--313
[][]   [] 
 []

File: images/Global-SignalingFreqStat.eps Graphic file (type eps)
<images/Global-SignalingFreqStat.eps>
Overfull \hbox (3.22539pt too wide) in paragraph at lines 320--322
 [][] 
 []

File: images/WorkerRatio.eps Graphic file (type eps)
<images/WorkerRatio.eps>
Overfull \hbox (4.78288pt too wide) in paragraph at lines 317--333
[][]   [] 
 []

File: images/TaskSpecialization-task3-10may-1.eps Graphic file (type eps)
<images/TaskSpecialization-task3-10may-1.eps>
Overfull \hbox (19.9857pt too wide) in paragraph at lines 338--339
 [][] 
 []

File: images/RobotSensitizationStat-Total-50steps.eps Graphic file (type eps)
<images/RobotSensitizationStat-Total-50steps.eps>
Overfull \hbox (4.78288pt too wide) in paragraph at lines 336--351
[][]   [] 
 []

[10] [11] (./ants2010-final.bbl
Overfull \hbox (6.76591pt too wide) in paragraph at lines 360--1
\OT1/cmr/m/n/10 Phys-i-cal Sci-ences Re-search Coun-cil (EP-SRC), UK, grant ref
-er-ence EP/E061915/1.
 []


Underfull \hbox (badness 10000) in paragraph at lines 360--1

 []

) [12] (./ants2010-final.aux)

LaTeX Font Warning: Size substitutions with differences
(Font)              up to 4.5pt have occurred.


LaTeX Warning: Label(s) may have changed. Rerun to get cross-references right.

 ) 
Here is how much of TeX's memory you used:
 1195 strings out of 95087
 14798 string characters out of 1183278
 73047 words of memory out of 1500000
 4385 multiletter control sequences out of 10000+50000
 8147 words of font info for 29 fonts, out of 1200000 for 2000
 28 hyphenation exceptions out of 8191
 29i,10n,24p,1205b,331s stack positions out of 5000i,500n,6000p,200000b,5000s

Output written on ants2010-final.dvi (12 pages, 44368 bytes).
